[    0.000000] Linux version 4.15.0-200-generic (buildd@lcy02-amd64-069) (gcc version 7.5.0 (Ubuntu 7.5.0-3ubuntu1~18.04)) #211-Ubuntu SMP Thu Nov 24 18:16:04 UTC 2022 (Ubuntu 4.15.0-200.211-generic 4.15.18)
[    0.000000] Command line: BOOT_IMAGE=/boot/vmlinuz-4.15.0-200-generic root=LABEL=cloudimg-rootfs ro console=tty1 console=ttyS0
[    0.000000] KERNEL supported cpus:
[    0.000000]   Intel GenuineIntel
[    0.000000]   AMD AuthenticAMD
[    0.000000]   Centaur CentaurHauls
[    0.000000] x86/fpu: Supporting XSAVE feature 0x001: 'x87 floating point registers'
[    0.000000] x86/fpu: Supporting XSAVE feature 0x002: 'SSE registers'
[    0.000000] x86/fpu: Supporting XSAVE feature 0x004: 'AVX registers'
[    0.000000] x86/fpu: xstate_offset[2]:  576, xstate_sizes[2]:  256
[    0.000000] x86/fpu: Enabled xstate features 0x7, context size is 832 bytes, using 'standard' format.
[    0.000000] e820: BIOS-provided physical RAM map:
[    0.000000] BIOS-e820: [mem 0x0000000000000000-0x000000000009fbff] usable
[    0.000000] BIOS-e820: [mem 0x000000000009fc00-0x000000000009ffff] reserved
[    0.000000] BIOS-e820: [mem 0x00000000000f0000-0x00000000000fffff] reserved
[    0.000000] BIOS-e820: [mem 0x0000000000100000-0x000000001ffeffff] usable
[    0.000000] BIOS-e820: [mem 0x000000001fff0000-0x000000001fffffff] ACPI data
[    0.000000] BIOS-e820: [mem 0x00000000fec00000-0x00000000fec00fff] reserved
[    0.000000] BIOS-e820: [mem 0x00000000fee00000-0x00000000fee00fff] reserved
[    0.000000] BIOS-e820: [mem 0x00000000fffc0000-0x00000000ffffffff] reserved
[    0.000000] NX (Execute Disable) protection: active
[    0.000000] SMBIOS 2.5 present.
[    0.000000] DMI: innotek GmbH VirtualBox/VirtualBox, BIOS VirtualBox 12/01/2006
[    0.000000] Hypervisor detected: KVM
[    0.000000] e820: last_pfn = 0x1fff0 max_arch_pfn = 0x400000000
[    0.000000] MTRR: Disabled
[    0.000000] x86/PAT: MTRRs disabled, skipping PAT initialization too.
[    0.000000] CPU MTRRs all blank - virtualized system.
[    0.000000] x86/PAT: Configuration [0-7]: WB  WT  UC- UC  WB  WT  UC- UC  
[    0.000000] found SMP MP-table at [mem 0x0009fff0-0x0009ffff]
[    0.000000] Scanning 1 areas for low memory corruption
[    0.000000] RAMDISK: [mem 0x1dadc000-0x1edeefff]
[    0.000000] ACPI: Early table checksum verification disabled
[    0.000000] ACPI: RSDP 0x00000000000E0000 000024 (v02 VBOX  )
[    0.000000] ACPI: XSDT 0x000000001FFF0030 00003C (v01 VBOX   VBOXXSDT 00000001 ASL  00000061)
[    0.000000] ACPI: FACP 0x000000001FFF00F0 0000F4 (v04 VBOX   VBOXFACP 00000001 ASL  00000061)
[    0.000000] ACPI: DSDT 0x000000001FFF0470 002325 (v02 VBOX   VBOXBIOS 00000002 INTL 20100528)
[    0.000000] ACPI: FACS 0x000000001FFF0200 000040
[    0.000000] ACPI: FACS 0x000000001FFF0200 000040
[    0.000000] ACPI: APIC 0x000000001FFF0240 000054 (v02 VBOX   VBOXAPIC 00000001 ASL  00000061)
[    0.000000] ACPI: SSDT 0x000000001FFF02A0 0001CC (v01 VBOX   VBOXCPUT 00000002 INTL 20100528)
[    0.000000] ACPI: Reserving FACP table memory at [mem 0x1fff00f0-0x1fff01e3]
[    0.000000] ACPI: Reserving DSDT table memory at [mem 0x1fff0470-0x1fff2794]
[    0.000000] ACPI: Reserving FACS table memory at [mem 0x1fff0200-0x1fff023f]
[    0.000000] ACPI: Reserving FACS table memory at [mem 0x1fff0200-0x1fff023f]
[    0.000000] ACPI: Reserving APIC table memory at [mem 0x1fff0240-0x1fff0293]
[    0.000000] ACPI: Reserving SSDT table memory at [mem 0x1fff02a0-0x1fff046b]
[    0.000000] No NUMA configuration found
[    0.000000] Faking a node at [mem 0x0000000000000000-0x000000001ffeffff]
[    0.000000] NODE_DATA(0) allocated [mem 0x1ffc5000-0x1ffeffff]
[    0.000000] kvm-clock: cpu 0, msr 0:1ff44001, primary cpu clock
[    0.000000] kvm-clock: Using msrs 4b564d01 and 4b564d00
[    0.000000] kvm-clock: using sched offset of 3409727949 cycles
[    0.000000] clocksource: kvm-clock: mask: 0xffffffffffffffff max_cycles: 0x1cd42e4dffb, max_idle_ns: 881590591483 ns
[    0.000000] Zone ranges:
[    0.000000]   DMA      [mem 0x0000000000001000-0x0000000000ffffff]
[    0.000000]   DMA32    [mem 0x0000000001000000-0x000000001ffeffff]
[    0.000000]   Normal   empty
[    0.000000]   Device   empty
[    0.000000] Movable zone start for each node
[    0.000000] Early memory node ranges
[    0.000000]   node   0: [mem 0x0000000000001000-0x000000000009efff]
[    0.000000]   node   0: [mem 0x0000000000100000-0x000000001ffeffff]
[    0.000000] Reserved but unavailable: 104 pages
[    0.000000] Initmem setup node 0 [mem 0x0000000000001000-0x000000001ffeffff]
[    0.000000] ACPI: PM-Timer IO Port: 0x4008
[    0.000000] IOAPIC[0]: apic_id 1, version 32, address 0xfec00000, GSI 0-23
[    0.000000] ACPI: INT_SRC_OVR (bus 0 bus_irq 0 global_irq 2 dfl dfl)
[    0.000000] ACPI: INT_SRC_OVR (bus 0 bus_irq 9 global_irq 9 low level)
[    0.000000] Using ACPI (MADT) for SMP configuration information
[    0.000000] smpboot: Allowing 1 CPUs, 0 hotplug CPUs
[    0.000000] PM: Registered nosave memory: [mem 0x00000000-0x00000fff]
[    0.000000] PM: Registered nosave memory: [mem 0x0009f000-0x0009ffff]
[    0.000000] PM: Registered nosave memory: [mem 0x000a0000-0x000effff]
[    0.000000] PM: Registered nosave memory: [mem 0x000f0000-0x000fffff]
[    0.000000] e820: [mem 0x20000000-0xfebfffff] available for PCI devices
[    0.000000] Booting paravirtualized kernel on KVM
[    0.000000] clocksource: refined-jiffies: mask: 0xffffffff max_cycles: 0xffffffff, max_idle_ns: 7645519600211568 ns
[    0.000000] setup_percpu: NR_CPUS:8192 nr_cpumask_bits:1 nr_cpu_ids:1 nr_node_ids:1
[    0.000000] percpu: Embedded 50 pages/cpu s167936 r8192 d28672 u2097152
[    0.000000] PV qspinlock hash table entries: 256 (order: 0, 4096 bytes)
[    0.000000] Built 1 zonelists, mobility grouping on.  Total pages: 128889
[    0.000000] Policy zone: DMA32
[    0.000000] Kernel command line: BOOT_IMAGE=/boot/vmlinuz-4.15.0-200-generic root=LABEL=cloudimg-rootfs ro console=tty1 console=ttyS0
[    0.000000] Memory: 466752K/523832K available (12300K kernel code, 2477K rwdata, 4320K rodata, 2472K init, 2720K bss, 57080K reserved, 0K cma-reserved)
[    0.000000] SLUB: HWalign=64, Order=0-3, MinObjects=0, CPUs=1, Nodes=1
[    0.000000] ftrace: allocating 39478 entries in 155 pages
[    0.004000] Hierarchical RCU implementation.
[    0.004000] 	RCU restricting CPUs from NR_CPUS=8192 to nr_cpu_ids=1.
[    0.004000] 	Tasks RCU enabled.
[    0.004000] RCU: Adjusting geometry for rcu_fanout_leaf=16, nr_cpu_ids=1
[    0.004000] NR_IRQS: 524544, nr_irqs: 256, preallocated irqs: 16
[    0.004000] random: crng init done
[    0.004000] Console: colour VGA+ 80x25
[    0.004000] console [tty1] enabled
[    0.004000] console [ttyS0] enabled
[    0.004000] ACPI: Core revision 20170831
[    0.004000] ACPI: 2 ACPI AML tables successfully acquired and loaded
[    0.004000] APIC: Switch to symmetric I/O mode setup
[    0.004000] x2apic enabled
[    0.004000] Switched APIC routing to physical x2apic.
[    0.004000] ..TIMER: vector=0x30 apic1=0 pin1=2 apic2=-1 pin2=-1
[    0.004000] tsc: Detected 2208.002 MHz processor
[    0.004009] Calibrating delay loop (skipped) preset value.. 4416.00 BogoMIPS (lpj=8832008)
[    0.005044] pid_max: default: 32768 minimum: 301
[    0.005919] Security Framework initialized
[    0.006653] Yama: becoming mindful.
[    0.007130] AppArmor: AppArmor initialized
[    0.008073] Dentry cache hash table entries: 65536 (order: 7, 524288 bytes)
[    0.009060] Inode-cache hash table entries: 32768 (order: 6, 262144 bytes)
[    0.010114] Mount-cache hash table entries: 1024 (order: 1, 8192 bytes)
[    0.010973] Mountpoint-cache hash table entries: 1024 (order: 1, 8192 bytes)
[    0.012180] process: using mwait in idle threads
[    0.013187] Last level iTLB entries: 4KB 64, 2MB 8, 4MB 8
[    0.013843] Last level dTLB entries: 4KB 64, 2MB 0, 4MB 0, 1GB 4
[    0.014559] Spectre V1 : Mitigation: usercopy/swapgs barriers and __user pointer sanitization
[    0.015576] Spectre V2 : Mitigation: Retpolines
[    0.016001] Spectre V2 : Spectre v2 / SpectreRSB mitigation: Filling RSB on context switch
[    0.016988] Speculative Store Bypass: Vulnerable
[    0.017580] MMIO Stale Data: Vulnerable: Clear CPU buffers attempted, no microcode
[    0.018533] SRBDS: Unknown: Dependent on hypervisor status
[    0.024967] Freeing SMP alternatives memory: 36K
[    0.134978] smpboot: CPU0: Intel(R) Core(TM) i7-10870H CPU @ 2.20GHz (family: 0x6, model: 0xa5, stepping: 0x2)
[    0.136000] Performance Events: unsupported p6 CPU model 165 no PMU driver, software events only.
[    0.136000] Hierarchical SRCU implementation.
[    0.136460] NMI watchdog: Perf event create on CPU 0 failed with -2
[    0.137279] NMI watchdog: Perf NMI watchdog permanently disabled
[    0.138047] smp: Bringing up secondary CPUs ...
[    0.138670] smp: Brought up 1 node, 1 CPU
[    0.139183] smpboot: Max logical packages: 1
[    0.139770] smpboot: Total of 1 processors activated (4416.00 BogoMIPS)
[    0.140064] devtmpfs: initialized
[    0.140594] x86/mm: Memory block size: 128MB
[    0.141208] evm: security.selinux
[    0.141653] evm: security.SMACK64
[    0.142089] evm: security.SMACK64EXEC
[    0.142545] evm: security.SMACK64TRANSMUTE
[    0.143045] evm: security.SMACK64MMAP
[    0.143499] evm: security.apparmor
[    0.144003] evm: security.ima
[    0.144392] evm: security.capability
[    0.144894] clocksource: jiffies: mask: 0xffffffff max_cycles: 0xffffffff, max_idle_ns: 7645041785100000 ns
[    0.146068] futex hash table entries: 256 (order: 2, 16384 bytes)
[    0.146908] pinctrl core: initialized pinctrl subsystem
[    0.148016] RTC time: 15:26:19, date: 12/15/22
[    0.148604] NET: Registered protocol family 16
[    0.149183] audit: initializing netlink subsys (disabled)
[    0.149896] cpuidle: using governor ladder
[    0.150397] cpuidle: using governor menu
[    0.150900] ACPI: bus type PCI registered
[    0.151395] acpiphp: ACPI Hot Plug PCI Controller Driver version: 0.5
[    0.152005] audit: type=2000 audit(1671117984.252:1): state=initialized audit_enabled=0 res=1
[    0.153481] PCI: Using configuration type 1 for base access
[    0.154768] HugeTLB registered 2.00 MiB page size, pre-allocated 0 pages
[    0.155664] ACPI: Added _OSI(Module Device)
[    0.156003] ACPI: Added _OSI(Processor Device)
[    0.156537] ACPI: Added _OSI(3.0 _SCP Extensions)
[    0.157181] ACPI: Added _OSI(Processor Aggregator Device)
[    0.157814] ACPI: Added _OSI(Linux-Dell-Video)
[    0.158354] ACPI: Added _OSI(Linux-Lenovo-NV-HDMI-Audio)
[    0.158980] ACPI: Added _OSI(Linux-HPI-Hybrid-Graphics)
[    0.160178] ACPI: Executed 1 blocks of module-level executable AML code
[    0.162994] ACPI: Interpreter enabled
[    0.163460] ACPI: (supports S0 S5)
[    0.163889] ACPI: Using IOAPIC for interrupt routing
[    0.164149] PCI: Using host bridge windows from ACPI; if necessary, use "pci=nocrs" and report a bug
[    0.165396] ACPI: Enabled 2 GPEs in block 00 to 07
[    0.171195] ACPI: PCI Root Bridge [PCI0] (domain 0000 [bus 00-ff])
[    0.171917] acpi PNP0A03:00: _OSC: OS supports [ASPM ClockPM Segments MSI]
[    0.172311] acpi PNP0A03:00: _OSC: not requesting OS control; OS requires [ExtendedConfig ASPM ClockPM MSI]
[    0.173443] acpi PNP0A03:00: fail to add MMCONFIG information, can't access extended PCI configuration space under this bridge.
[    0.175142] PCI host bridge to bus 0000:00
[    0.176002] pci_bus 0000:00: root bus resource [io  0x0000-0x0cf7 window]
[    0.176832] pci_bus 0000:00: root bus resource [io  0x0d00-0xffff window]
[    0.177619] pci_bus 0000:00: root bus resource [mem 0x000a0000-0x000bffff window]
[    0.178589] pci_bus 0000:00: root bus resource [mem 0x20000000-0xfdffffff window]
[    0.180000] pci_bus 0000:00: root bus resource [bus 00-ff]
[    0.181293] pci 0000:00:01.1: legacy IDE quirk: reg 0x10: [io  0x01f0-0x01f7]
[    0.182115] pci 0000:00:01.1: legacy IDE quirk: reg 0x14: [io  0x03f6]
[    0.184002] pci 0000:00:01.1: legacy IDE quirk: reg 0x18: [io  0x0170-0x0177]
[    0.184864] pci 0000:00:01.1: legacy IDE quirk: reg 0x1c: [io  0x0376]
[    0.192076] pci 0000:00:07.0: quirk: [io  0x4000-0x403f] claimed by PIIX4 ACPI
[    0.193444] pci 0000:00:07.0: quirk: [io  0x4100-0x410f] claimed by PIIX4 SMB
[    0.197644] ACPI: PCI Interrupt Link [LNKA] (IRQs 5 9 10 *11)
[    0.198533] ACPI: PCI Interrupt Link [LNKB] (IRQs 5 9 *10 11)
[    0.199289] ACPI: PCI Interrupt Link [LNKC] (IRQs 5 *9 10 11)
[    0.200068] ACPI: PCI Interrupt Link [LNKD] (IRQs 5 9 10 *11)
[    0.200987] SCSI subsystem initialized
[    0.201502] pci 0000:00:02.0: vgaarb: setting as boot VGA device
[    0.202209] pci 0000:00:02.0: vgaarb: VGA device added: decodes=io+mem,owns=io+mem,locks=none
[    0.203422] pci 0000:00:02.0: vgaarb: bridge control possible
[    0.204001] vgaarb: loaded
[    0.204372] ACPI: bus type USB registered
[    0.204873] usbcore: registered new interface driver usbfs
[    0.205529] usbcore: registered new interface driver hub
[    0.206166] usbcore: registered new device driver usb
[    0.206796] EDAC MC: Ver: 3.0.0
[    0.207383] PCI: Using ACPI for IRQ routing
[    0.208182] NetLabel: Initializing
[    0.208610] NetLabel:  domain hash size = 128
[    0.209133] NetLabel:  protocols = UNLABELED CIPSOv4 CALIPSO
[    0.209853] NetLabel:  unlabeled traffic allowed by default
[    0.210612] clocksource: Switched to clocksource kvm-clock
[    0.218459] VFS: Disk quotas dquot_6.6.0
[    0.219062] VFS: Dquot-cache hash table entries: 512 (order 0, 4096 bytes)
[    0.219988] AppArmor: AppArmor Filesystem Enabled
[    0.220592] pnp: PnP ACPI init
[    0.221634] pnp: PnP ACPI: found 3 devices
[    0.227145] clocksource: acpi_pm: mask: 0xffffff max_cycles: 0xffffff, max_idle_ns: 2085701024 ns
[    0.228347] NET: Registered protocol family 2
[    0.228893] IP idents hash table entries: 8192 (order: 4, 65536 bytes)
[    0.229750] TCP established hash table entries: 4096 (order: 3, 32768 bytes)
[    0.230657] TCP bind hash table entries: 4096 (order: 4, 65536 bytes)
[    0.231451] TCP: Hash tables configured (established 4096 bind 4096)
[    0.232219] UDP hash table entries: 256 (order: 1, 8192 bytes)
[    0.233323] UDP-Lite hash table entries: 256 (order: 1, 8192 bytes)
[    0.234446] NET: Registered protocol family 1
[    0.234981] pci 0000:00:00.0: Limiting direct PCI/PCI transfers
[    0.235688] pci 0000:00:01.0: Activating ISA DMA hang workarounds
[    0.236480] pci 0000:00:02.0: Video device with shadowed ROM at [mem 0x000c0000-0x000dffff]
[    0.237527] Unpacking initramfs...
[    0.477625] Freeing initrd memory: 19532K
[    0.478424] clocksource: tsc: mask: 0xffffffffffffffff max_cycles: 0x1fd3ba1610f, max_idle_ns: 440795284337 ns
[    0.480505] platform rtc_cmos: registered platform RTC device (no PNP device found)
[    0.481441] Scanning for low memory corruption every 60 seconds
[    0.482424] Initialise system trusted keyrings
[    0.482962] Key type blacklist registered
[    0.483469] workingset: timestamp_bits=36 max_order=17 bucket_order=0
[    0.484898] zbud: loaded
[    0.485523] squashfs: version 4.0 (2009/01/31) Phillip Lougher
[    0.486275] fuse init (API version 7.26)
[    0.487306] Key type asymmetric registered
[    0.487902] Asymmetric key parser 'x509' registered
[    0.488523] Block layer SCSI generic (bsg) driver version 0.4 loaded (major 246)
[    0.489419] io scheduler noop registered
[    0.489954] io scheduler deadline registered
[    0.490489] io scheduler cfq registered (default)
[    0.491213] ACPI: AC Adapter [AC] (on-line)
[    0.491790] input: Power Button as /devices/LNXSYSTM:00/LNXPWRBN:00/input/input0
[    0.492693] ACPI: Power Button [PWRF]
[    0.493196] input: Sleep Button as /devices/LNXSYSTM:00/LNXSLPBN:00/input/input1
[    0.494097] ACPI: Sleep Button [SLPF]
[    0.495152] ACPI: Battery Slot [BAT0] (battery present)
[    0.495877] Serial: 8250/16550 driver, 32 ports, IRQ sharing enabled
[    0.517311] 00:02: ttyS0 at I/O 0x3f8 (irq = 4, base_baud = 115200) is a 16550A
[    0.519371] Linux agpgart interface v0.103
[    0.520494] loop: module loaded
[    0.521150] scsi host0: ata_piix
[    0.521627] scsi host1: ata_piix
[    0.522047] ata1: PATA max UDMA/33 cmd 0x1f0 ctl 0x3f6 bmdma 0xd000 irq 14
[    0.522822] ata2: PATA max UDMA/33 cmd 0x170 ctl 0x376 bmdma 0xd008 irq 15
[    0.523918] tun: Universal TUN/TAP device driver, 1.6
[    0.524542] PPP generic driver version 2.4.2
[    0.525183] ehci_hcd: USB 2.0 'Enhanced' Host Controller (EHCI) Driver
[    0.525926] ehci-pci: EHCI PCI platform driver
[    0.526457] ehci-platform: EHCI generic platform driver
[    0.527074] ohci_hcd: USB 1.1 'Open' Host Controller (OHCI) Driver
[    0.527828] ohci-pci: OHCI PCI platform driver
[    0.528374] ohci-platform: OHCI generic platform driver
[    0.529104] uhci_hcd: USB Universal Host Controller Interface driver
[    0.529895] i8042: PNP: PS/2 Controller [PNP0303:PS2K,PNP0f03:PS2M] at 0x60,0x64 irq 1,12
[    0.531300] serio: i8042 KBD port at 0x60,0x64 irq 1
[    0.531897] serio: i8042 AUX port at 0x60,0x64 irq 12
[    0.532540] mousedev: PS/2 mouse device common for all mice
[    0.533365] input: AT Translated Set 2 keyboard as /devices/platform/i8042/serio0/input/input2
[    0.534931] rtc_cmos rtc_cmos: rtc core: registered rtc_cmos as rtc0
[    0.535730] rtc_cmos rtc_cmos: alarms up to one day, 114 bytes nvram
[    0.536482] i2c /dev entries driver
[    0.536930] device-mapper: uevent: version 1.0.3
[    0.537516] device-mapper: ioctl: 4.37.0-ioctl (2017-09-20) initialised: dm-devel@redhat.com
[    0.538533] ledtrig-cpu: registered to indicate activity on CPUs
[    0.539418] NET: Registered protocol family 10
[    0.541540] Segment Routing with IPv6
[    0.541998] NET: Registered protocol family 17
[    0.542703] Key type dns_resolver registered
[    0.543268] mce: Using 0 MCE banks
[    0.543724] RAS: Correctable Errors collector initialized.
[    0.544387] sched_clock: Marking stable (544375540, 0)->(661134312, -116758772)
[    0.545291] registered taskstats version 1
[    0.545785] Loading compiled-in X.509 certificates
[    0.547322] Loaded X.509 cert 'Build time autogenerated kernel key: 29e5beaa583364da097e68c9386761f80dbce7ef'
[    0.548878] Loaded X.509 cert 'Canonical Ltd. Live Patch Signing: 14df34d1a87cf37625abec039ef2bf521249b969'
[    0.550412] Loaded X.509 cert 'Canonical Ltd. Kernel Module Signing: 88f752e560a1e0737e31163a466ad7b70a850c19'
[    0.551582] blacklist: Loading compiled-in revocation X.509 certificates
[    0.552473] Loaded X.509 cert 'Canonical Ltd. Secure Boot Signing: 61482aa2830d0ab2ad5af10b7250da9033ddcef0'
[    0.553680] zswap: loaded using pool lzo/zbud
[    0.555451] Key type big_key registered
[    0.555915] Key type trusted registered
[    0.557092] Key type encrypted registered
[    0.557573] AppArmor: AppArmor sha1 policy hashing enabled
[    0.558297] ima: No TPM chip found, activating TPM-bypass! (rc=-19)
[    0.559014] ima: Allocated hash algorithm: sha1
[    0.559560] evm: HMAC attrs: 0x1
[    0.560155]   Magic number: 2:131:437
[    0.560643] rtc_cmos rtc_cmos: setting system clock to 2022-12-15 15:26:20 UTC (1671117980)
[    0.561708] BIOS EDD facility v0.16 2004-Jun-25, 0 devices found
[    0.562437] EDD information not available.
[    0.706649] Freeing unused kernel image memory: 2472K
[    0.716407] Write protecting the kernel read-only data: 20480k
[    0.717674] Freeing unused kernel image memory: 2008K
[    0.718585] Freeing unused kernel image memory: 1824K
[    0.724788] x86/mm: Checked W+X mappings: passed, no W+X pages found.
Loading, please wait...
starting version 237
[    0.777153] e1000: Intel(R) PRO/1000 Network Driver - version 7.3.21-k8-NAPI
[    0.778862] e1000: Copyright (c) 1999-2006 Intel Corporation.
[    0.783548] Fusion MPT base driver 3.04.20
[    0.784797] Copyright (c) 1999-2008 LSI Corporation
[    0.794636] Fusion MPT SPI Host driver 3.04.20
[    0.813476] AVX2 version of gcm_enc/dec engaged.
[    0.814259] AES CTR mode by8 optimization enabled
[    0.817813] mptbase: ioc0: Initiating bringup
[    0.912223] ioc0: LSI53C1030 A0: Capabilities={Initiator}
[    0.998535] input: ImExPS/2 Generic Explorer Mouse as /devices/platform/i8042/serio1/input/input4
[    1.157535] scsi host2: ioc0: LSI53C1030 A0, FwRev=00000000h, Ports=1, MaxQ=256, IRQ=20
[    1.329039] scsi 2:0:0:0: Direct-Access     VBOX     HARDDISK         1.0  PQ: 0 ANSI: 5
[    1.334627] scsi target2:0:0: Beginning Domain Validation
[    1.337068] scsi target2:0:0: Domain Validation skipping write tests
[    1.337843] scsi target2:0:0: Ending Domain Validation
[    1.338457] scsi target2:0:0: asynchronous
[    1.339503] scsi 2:0:1:0: Direct-Access     VBOX     HARDDISK         1.0  PQ: 0 ANSI: 5
[    1.340485] scsi target2:0:1: Beginning Domain Validation
[    1.343042] scsi target2:0:1: Domain Validation skipping write tests
[    1.343762] scsi target2:0:1: Ending Domain Validation
[    1.344554] scsi target2:0:1: asynchronous
[    1.349113] sd 2:0:0:0: [sda] 83886080 512-byte logical blocks: (42.9 GB/40.0 GiB)
[    1.350370] sd 2:0:0:0: [sda] Write Protect is off
[    1.351217] sd 2:0:0:0: [sda] Incomplete mode parameter data
[    1.351987] sd 2:0:0:0: [sda] Assuming drive cache: write through
[    1.352858] sd 2:0:0:0: Attached scsi generic sg0 type 0
[    1.354156] sd 2:0:1:0: [sdb] 20480 512-byte logical blocks: (10.5 MB/10.0 MiB)
[    1.355102] sd 2:0:1:0: [sdb] Write Protect is off
[    1.356209] sd 2:0:1:0: [sdb] Incomplete mode parameter data
[    1.356880] sd 2:0:1:0: [sdb] Assuming drive cache: write through
[    1.357831] sd 2:0:1:0: Attached scsi generic sg1 type 0
[    1.358539]  sda: sda1
[    1.359299] sd 2:0:0:0: [sda] Attached SCSI disk
[    1.361143] sd 2:0:1:0: [sdb] Attached SCSI disk
[    1.686804] e1000 0000:00:03.0 eth0: (PCI:33MHz:32-bit) 02:0b:d2:67:80:32
[    1.687795] e1000 0000:00:03.0 eth0: Intel(R) PRO/1000 Network Connection
[    2.043448] e1000 0000:00:08.0 eth1: (PCI:33MHz:32-bit) 08:00:27:71:f1:a7
[    2.044646] e1000 0000:00:08.0 eth1: Intel(R) PRO/1000 Network Connection
[    2.046647] e1000 0000:00:08.0 enp0s8: renamed from eth1
[    2.048693] e1000 0000:00:03.0 enp0s3: renamed from eth0
Begin: Loading essential drivers ... [    3.380055] raid6: sse2x1   gen() 14563 MB/s
[    3.428038] raid6: sse2x1   xor()  8505 MB/s
[    3.476055] raid6: sse2x2   gen() 17986 MB/s
[    3.524050] raid6: sse2x2   xor() 11640 MB/s
[    3.572037] raid6: sse2x4   gen() 19273 MB/s
[    3.620059] raid6: sse2x4   xor() 11340 MB/s
[    3.668043] raid6: avx2x1   gen() 28327 MB/s
[    3.716053] raid6: avx2x1   xor() 16323 MB/s
[    3.764033] raid6: avx2x2   gen() 32799 MB/s
[    3.812052] raid6: avx2x2   xor() 21850 MB/s
[    3.860034] raid6: avx2x4   gen() 36907 MB/s
[    3.908042] raid6: avx2x4   xor() 22786 MB/s
[    3.908917] raid6: using algorithm avx2x4 gen() 36907 MB/s
[    3.909979] raid6: .... xor() 22786 MB/s, rmw enabled
[    3.910800] raid6: using avx2x2 recovery algorithm
[    3.912590] xor: automatically using best checksumming function   avx       
[    3.914297] async_tx: api initialized (async)
done.
Begin: Running /scripts/init-premount ... done.
Begin: Mounting root file system ... Begin: Running /scripts/local-top ... done.
Begin: Running /scripts/local-premount ... [    3.947578] Btrfs loaded, crc32c=crc32c-intel
Scanning for Btrfs filesystems
done.
Warning: fsck not present, so skipping root file system
[    4.009652] EXT4-fs (sda1): mounted filesystem with ordered data mode. Opts: (null)
done.
Begin: Running /scripts/local-bottom ... done.
Begin: Running /scripts/init-bottom ... done.
[    4.133070] ip_tables: (C) 2000-2006 Netfilter Core Team
[    4.138106] systemd[1]: systemd 237 running in system mode. (+PAM +AUDIT +SELINUX +IMA +APPARMOR +SMACK +SYSVINIT +UTMP +LIBCRYPTSETUP +GCRYPT +GNUTLS +ACL +XZ +LZ4 +SECCOMP +BLKID +ELFUTILS +KMOD -IDN2 +IDN -PCRE2 default-hierarchy=hybrid)
[    4.140635] systemd[1]: Detected virtualization oracle.
[    4.141256] systemd[1]: Detected architecture x86-64.

Welcome to [1mUbuntu 18.04.6 LTS[0m!

[    4.143399] systemd[1]: Set hostname to <ubuntu>.
[    4.145434] systemd[1]: Initializing machine ID from random generator.
[    4.146201] systemd[1]: Installed transient /etc/machine-id file.
[    4.317430] systemd[1]: Created slice System Slice.
[[0;32m  OK  [0m] Created slice System Slice.
[    4.318645] systemd[1]: Listening on udev Control Socket.
[[0;32m  OK  [0m] Listening on udev Control Socket.
[    4.319878] systemd[1]: Listening on LVM2 poll daemon socket.
[[0;32m  OK  [0m] Listening on LVM2 poll daemon socket.
[    4.321170] systemd[1]: Listening on Syslog Socket.
[[0;32m  OK  [0m] Listening on Syslog Socket.
[[0;32m  OK  [0m] Listening on Journal Audit Socket.
[[0;32m  OK  [0m] Listening on Network Service Netlink Socket.
[[0;32m  OK  [0m] Listening on Device-mapper event daemon FIFOs.
[[0;32m  OK  [0m] Reached target Swap.
[[0;32m  OK  [0m] Listening on Journal Socket.
         Starting Uncomplicated firewall...
         Starting Create list of required st…ce nodes for the current kernel...
         Mounting POSIX Message Queue File System...
         Mounting Kernel Debug File System...
         Mounting Huge Pages File System...
[[0;32m  OK  [0m] Reached target User and Group Name Lookups.
[[0;32m  OK  [0m] Set up automount Arbitrary Executab…rmats File System Automount Point.
[[0;32m  OK  [0m] Listening on LVM2 metadata daemon socket.
         Starting Monitoring of LVM2 mirrors…ng dmeventd or progress polling...
[[0;32m  OK  [0m] Listening on /dev/initctl Compatibility Named Pipe.
         Starting Load Kernel Modules...
[[0;32m  OK  [0m] Listening on udev Kernel Socket.
         Starting udev Coldplug all Devices...
[[0;32m  OK  [0m] Started Forward Password Requests to Wall Directory Watch.
[[0;32m  OK  [0m] Reached target System Time Synchronized.
[[0;32m  OK  [0m] Created slice User and Session Slice.
[[0;32m  OK  [0m] Reached target Slices.
[[0;32m  OK  [0m] Created slice system-serial\x2dgetty.slice.
[[0;32m  OK  [0m] Listening on Journal Socket (/dev/log).
         Starting Journal Service...
[[0;32m  OK  [0m] Listening on fsck to fsckd communication Socket.
         Starting File System Check on Root Device...
         Starting Set the console keyboard layout...
[[0;32m  OK  [0m] Started Uncomplicated firewall.
[[0;32m  OK  [0m] Started Create list of required sta…vice nodes for the current kernel.
[[0;32m  OK  [0m] Mounted POSIX Message Queue File System.
[[0;32m  OK  [0m] Mounted Kernel Debug File System.
[[0;32m  OK  [0m] Mounted Huge Pages File System.
         Starting Create Static Device Nodes in /dev...
[[0;32m  OK  [0m] Started LVM2 metadata daemon.
[    4.414941] Loading iSCSI transport class v2.0-870.
[    4.423394] iscsi: registered transport (tcp)
[[0;32m  OK  [0m] Started udev Coldplug all Devices.
[    4.437414] iscsi: registered transport (iser)
[[0;32m  OK  [0m] Started Load Kernel Modules.
[[0;32m  OK  [0m] Started Journal Service.
         Mounting FUSE Control File System...
         Starting Apply Kernel Variables...
         Mounting Kernel Configuration File System...
[[0;32m  OK  [0m] Mounted FUSE Control File System.
[[0;32m  OK  [0m] Started File System Check Daemon to report status.
[[0;32m  OK  [0m] Started Create Static Device Nodes in /dev.
[[0;32m  OK  [0m] Mounted Kernel Configuration File System.
[[0;32m  OK  [0m] Started Monitoring of LVM2 mirrors,…sing dmeventd or progress polling.
[[0;32m  OK  [0m] Started File System Check on Root Device.
[[0;32m  OK  [0m] Started Apply Kernel Variables.
         Starting Remount Root and Kernel File Systems...
[[0;32m  OK  [0m] Started Remount Root and Kernel File Systems.
         Starting udev Kernel Device Manager...
         Starting Load/Save Random Seed...
         Starting Flush Journal to Persistent Storage...
[[0;32m  OK  [0m] Started udev Kernel Device Manager.
[[0;32m  OK  [0m] Started Load/Save Random Seed.
[[0;32m  OK  [0m] Started Flush Journal to Persistent Storage.
[[0;32m  OK  [0m] Found device /dev/ttyS0.
[[0;32m  OK  [0m] Listening on Load/Save RF Kill Switch Status /dev/rfkill Watch.
         Mounting Arbitrary Executable File Formats File System...
[[0;32m  OK  [0m] Mounted Arbitrary Executable File Formats File System.
[[0;32m  OK  [0m] Started Set the console keyboard layout.
[[0;32m  OK  [0m] Reached target Local File Systems (Pre).
[[0;32m  OK  [0m] Reached target Local File Systems.
         Starting ebtables ruleset management...
         Starting Tell Plymouth To Write Out Runtime Data...
         Starting Set console font and keymap...
         Starting Commit a transient machine-id on disk...
         Starting Create Volatile Files and Directories...
         Starting AppArmor initialization...
[[0;32m  OK  [0m] Started Dispatch Password Requests to Console Directory Watch.
[[0;32m  OK  [0m] Reached target Local Encrypted Volumes.
[[0;32m  OK  [0m] Started Tell Plymouth To Write Out Runtime Data.
[[0;32m  OK  [0m] Started Commit a transient machine-id on disk.
[[0;32m  OK  [0m] Started Create Volatile Files and Directories.
         Starting Update UTMP about System Boot/Shutdown...
[[0;32m  OK  [0m] Started Update UTMP about System Boot/Shutdown.
[[0;32m  OK  [0m] Started ebtables ruleset management.
[[0;32m  OK  [0m] Started AppArmor initialization.
         Starting Load AppArmor profiles managed internally by snapd...
         Starting Initial cloud-init job (pre-networking)...
[[0;32m  OK  [0m] Started Load AppArmor profiles managed internally by snapd.
[[0;32m  OK  [0m] Started Set console font and keymap.
[    7.611816] cloud-init[827]: Cloud-init v. 22.3.4-0ubuntu1~18.04.1 running 'init-local' at Thu, 15 Dec 2022 15:26:27 +0000. Up 7.42 seconds.
[[0;32m  OK  [0m] Started Initial cloud-init job (pre-networking).
[[0;32m  OK  [0m] Reached target Network (Pre).
         Starting Network Service...
[[0;32m  OK  [0m] Started Network Service.
         Starting Network Name Resolution...
         Starting Wait for Network to be Configured...
[[0;32m  OK  [0m] Started Network Name Resolution.
[[0;32m  OK  [0m] Reached target Host and Network Name Lookups.
[[0;32m  OK  [0m] Reached target Network.
[[0;32m  OK  [0m] Started Wait for Network to be Configured.
         Starting Initial cloud-init job (metadata service crawler)...
[    9.324232] cloud-init[952]: Cloud-init v. 22.3.4-0ubuntu1~18.04.1 running 'init' at Thu, 15 Dec 2022 15:26:29 +0000. Up 9.18 seconds.
[    9.325141] cloud-init[952]: ci-info: ++++++++++++++++++++++++++++++++++++++Net device info++++++++++++++++++++++++++++++++++++++
[    9.325872] cloud-init[952]: ci-info: +--------+-------+---------------------------+---------------+--------+-------------------+
[    9.326853] cloud-init[952]: ci-info: | Device |   Up  |          Address          |      Mask     | Scope  |     Hw-Address    |
[    9.328125] cloud-init[952]: ci-info: +--------+-------+---------------------------+---------------+--------+-------------------+
[    9.330390] cloud-init[952]: ci-info: | enp0s3 |  True |         10.0.2.15         | 255.255.255.0 | global | 02:0b:d2:67:80:32 |
[    9.331456] cloud-init[952]: ci-info: | enp0s3 |  True | fe80::b:d2ff:fe67:8032/64 |       .       |  link  | 02:0b:d2:67:80:32 |
[    9.333389] cloud-init[952]: ci-info: | enp0s8 | False |             .             |       .       |   .    | 08:00:27:71:f1:a7 |
[    9.338541] cloud-init[952]: ci-info: |   lo   |  True |         127.0.0.1         |   255.0.0.0   |  host  |         .         |
[    9.348072] cloud-init[952]: ci-info: |   lo   |  True |          ::1/128          |       .       |  host  |         .         |
[    9.349125] cloud-init[952]: ci-info: +--------+-------+---------------------------+---------------+--------+-------------------+
[    9.350189] cloud-init[952]: ci-info: ++++++++++++++++++++++++++++Route IPv4 info+++++++++++++++++++++++++++++
[    9.352115] cloud-init[952]: ci-info: +-------+-------------+----------+-----------------+-----------+-------+
[    9.353957] cloud-init[952]: ci-info: | Route | Destination | Gateway  |     Genmask     | Interface | Flags |
[    9.356221] cloud-init[952]: ci-info: +-------+-------------+----------+-----------------+-----------+-------+
[    9.359025] cloud-init[952]: ci-info: |   0   |   0.0.0.0   | 10.0.2.2 |     0.0.0.0     |   enp0s3  |   UG  |
[    9.360246] cloud-init[952]: ci-info: |   1   |   10.0.2.0  | 0.0.0.0  |  255.255.255.0  |   enp0s3  |   U   |
[    9.361374] cloud-init[952]: ci-info: |   2   |   10.0.2.2  | 0.0.0.0  | 255.255.255.255 |   enp0s3  |   UH  |
[    9.364135] cloud-init[952]: ci-info: +-------+-------------+----------+-----------------+-----------+-------+
[    9.366587] cloud-init[952]: ci-info: +++++++++++++++++++Route IPv6 info+++++++++++++++++++
[    9.367690] cloud-init[952]: ci-info: +-------+-------------+---------+-----------+-------+
[    9.372040] cloud-init[952]: ci-info: | Route | Destination | Gateway | Interface | Flags |
[    9.372963] cloud-init[952]: ci-info: +-------+-------------+---------+-----------+-------+
[    9.375144] cloud-init[952]: ci-info: |   1   |  fe80::/64  |    ::   |   enp0s3  |   U   |
[    9.376015] cloud-init[952]: ci-info: |   3   |    local    |    ::   |   enp0s3  |   U   |
[    9.378686] cloud-init[952]: ci-info: |   4   |   ff00::/8  |    ::   |   enp0s3  |   U   |
[    9.379558] cloud-init[952]: ci-info: +-------+-------------+---------+-----------+-------+
[    9.841012] cloud-init[952]: Generating public/private rsa key pair.
[    9.852139] cloud-init[952]: Your identification has been saved in /etc/ssh/ssh_host_rsa_key.
[    9.864185] cloud-init[952]: Your public key has been saved in /etc/ssh/ssh_host_rsa_key.pub.
[[0;32m  OK  [0m] Started Initial cloud-init job (metadata service crawler).
[[0;32m  OK  [0m] Reached target Network is Online.
[    9.879786] cloud-init[952]: The key fingerprint is:
         Starting Availability of block devices...
[[0;32m  OK  [0m] Reached target Remote File Systems (Pre).
[[0;32m  OK  [0m] Reached target Remote File Systems.
[[0;32m  OK  [0m] Reached target System Initialization.
[[0;32m  OK  [0m] Started Message of the Day.
[[0;32m  OK  [0m] Listening on ACPID Listen Socket.
[[0;32m  OK  [0m] Started Daily apt download activities.
[    9.896782] cloud-init[952]: SHA256:mX02x6NHYrb8nR2sQ38TYVDtO5Xx8kSH+gNGwcMxgGo root@ubuntu-bionic
         Starting LXD - unix socket.
[[0;32m  OK  [0m] Started Daily apt upgrade and clean activities.
[[0;32m  OK  [0m] Started Discard unused blocks once a week.
[[0;32m  OK  [0m] Started Daily Cleanup of Temporary Directories.
[    9.960084] cloud-init[952]: The key's randomart image is:
[    9.963197] cloud-init[952]: +---[RSA 2048]----+
[    9.963720] cloud-init[952]: |         ..++o.o.|
[    9.964250] cloud-init[952]: |        .   =o..+|
[    9.964781] cloud-init[[0;32m  OK  [0m] Started ACPI Events Check.
[[0;32m  OK  [0m] Listening on UUID daemon activation socket.
[[0;32m  OK  [0m] Reached target Paths.
[[0;32m  OK  [0m] Listening on cloud-init hotplug hook socket.
[[0;32m  OK  [0m] Listening on Open-iSCSI iscsid Socket.
[952]: |       .   . o.o=|
[    9.968434] cloud-init[952]: |      E  +  +..+=|
[    9.969733] cloud-init[952]: |     .  S ..Bo*++|
[    9.970269] cloud-init[952]: |           * O+=.|
[    9.971759] cloud-init[952]:          Starting Socket activation for snappy daemon.
[[0;32m  OK  [0m] Listening on D-Bus System Message Bus Socket.
[[0;32m  OK  [0m] Started Ubuntu Advantage Timer for running repeated jobs.
[[0;32m  OK  [0m] Reached target Timers.
[[0;32m  OK  [0m] Reached target Cloud-config availability.
|            = o+o|
[    9.975749] cloud-init[952]: |             +.+=|
[    9.977392] cloud-init[952]: |             .o.=|
[[0;32m  OK  [0m] Started Availability of block devices.
[[0;32m  OK  [0m] Listening on LXD - unix socket.
[[0;32m  OK  [0m] Listening on Socket activation for snappy daemon.
[[0;32m  OK  [0m] Reached target Sockets.
[[0;32m  OK  [0m] Reached target Basic System.
         Starting LSB: automatic crash report generation...
[    9.978900] cloud-init[952]: +----[SHA256]-----+
[[0;32m  OK  [0m] Reached target Login Prompts (Pre).
[    9.983696] cloud-init[952]: Generating public/private dsa key pair.
[    9.984859] cloud-init[952]: Your identification has been saved in /etc/ssh/ssh_host_dsa_key.
         Starting Virtualbox guest utils...
         Starting Pollinate to seed the pseudo random number generator...
[    9.988949] cloud-init[952]: Your public key has been saved in /etc/ssh/ssh_host_dsa_key.pub.
         Starting System Logging Service...
[[0;32m  OK  [0m] Started irqbalance daemon.
[    9.994999] cloud-init[952]: The key fingerprint is:
[[0;32m  OK  [0m] Started Regular background program processing daemon.
[    9.997390] cloud-init[952]: SHA256:ecTlcMK0IEbUU77zVOiKAQjZllFM7k1lDdT41FOg4Vc root@ubuntu-bionic         Starting Permit User Sessions...
[[0;32m  OK  [0m] Started Deferred execution scheduler.

[   10.001547] cloud-init[952]: The key's randomart image is:
[   10.003205] cloud-init[952]: +---[DSA 1024]----+
         Starting Dispatcher daemon for systemd-networkd...
         [   10.008657] cloud-initStarting Accounts Service...
[952]: |  .o.OB..=X=+..oE|
[   10.015266] cloud-init[952]: |  ..++..o*oO++o. |
[   10.016274] cloud-init[952]: |   .. o ..=o= o. |
[   10.019074] cloud-init[952]: |     . + o o.o   |
[   10.020052] cloud-init[952]: |      . S + o    |
[   10.032247] cloud-init[952]: |         + =     |
[   10.033300] cloud-init[952]: |        . . .    |
[   10.034044] cloud-init[952]: |                 |
[   10.035057] cloud-init[952]: |                 |
[   10.036792] cloud-init[952]: +----[SHA256]-----+
[   10.039219] cloud-init[952]: Generating public/private ecdsa key pair.
[   10.043950] cloud-init[952]: Your identification has been saved in /etc/ssh/ssh_host_ecdsa_key.
[   10.046183] cloud-init[952]: Your public key has been saved in /etc/ssh/ssh_host_ecdsa_key.pub.
[   10.047188] cloud-init[952]: The key fingerprint is:
[   10.047963] cloud-init[952]: SHA256:iVgNZm77JOOwQAyxdLiboZ1XbqeK+xwb0Kp8xWm857E root@ubuntu-bionic
[   10.051445] cloud-init[952]: The key's randomart image is:
[   10.052182] cloud-init[952]: +---[ECDSA 256]---+
[   10.052794] cloud-init[952]: |oo..  +          |
[   10.055191] cloud-init[952]: |.=.  + o         |
[   10.055748] cloud-init[952]: |. +   + .        |
[   10.056644] cloud-init[952]: | + . +.o .       |
[   10.059996] cloud-init[952]: |..*.*o* S        |
[   10.063033] cloud-init[952]: |.oo+.Xo=.        |
[   10.064250] cloud-init[952]: |  ..*.o+.        |
[   10.066647] cloud-init[952]: |.. + =..o        |
[   10.076148] cloud-init[952]: |..+o=.oE         |
[   10.076746] cloud-init[952]: +----[SHA256]-----+
[   10.077396] cloud-init[952]: Generating public/private ed25519 key pair.
[   10.078210] cloud-init[952]: Your identification has been saved in /etc/ssh/ssh_host_ed25519_key.
[   10.080344] cloud-init[952]: Your public key has been saved in /etc/ssh/ssh_host_ed25519_key.pub.
[   10.081608] cloud-init[952]: The key fingerprint is:
         Starting Snap Daemon...[   10.096144] cloud-init[952]: SHA256:I3PMYa7y9QaThSrXmeTL4gVpyOMtfkXfo3Z7H3AXNdc root@ubuntu-bionic
[   10.096943] cloud-init[952]: The key's randomart image is:
[   10.097730] cloud-init[952]: +--[ED25519 256]--+
[   10.098415] cloud-init[952]: |               .+|
[   10.099073] cloud-init[952]: |                E|
[   10.099844] 
         Starting Login Service...
[[0;32m  OK  [0m] Started D-Bus System Message Bus.
cloud-init[952]: |        o.     . |
[   10.115254] cloud-init[952]: |   . . *+..     .|
[   10.118698] cloud-init[952]: |    + **S* . . ..|
[   10.123260] cloud-init[952]: |   ..+o*X.. o o .|
[   10.126968] cloud-init[952]: |    +oooo+ . . . |
[   10.130411] cloud-init[952]: |   . +ooo.+ . . .|
[   10.140376] cloud-init[952]: |    .oo. o...o ..|
[   10.144557] cloud-init[952]: +----[SHA256]-----+
         Starting LSB: Record successful boot for GRUB...
[[0;32m  OK  [0m] Started FUSE filesystem for LXC.
         Starting LXD - container startup/shutdown...
[[0;32m  OK  [0m] Started System Logging Service.
[[0;32m  OK  [0m] Started Permit User Sessions.
         Starting Terminate Plymouth Boot Screen...
         Starting Hold until boot process finishes up...
[[0;32m  OK  [0m] Started Hold until boot process finishes up.
[[0;32m  OK  [0m] Started Terminate Plymouth Boot Screen.
         Starting Set console scheme...
[[0;32m  OK  [0m] Started Serial Getty on ttyS0.
[[0;32m  OK  [0m] Started Set console scheme.
[[0;32m  OK  [0m] Started Login Service.
[[0;32m  OK  [0m] Started Unattended Upgrades Shutdown.
[[0;32m  OK  [0m] Created slice system-getty.slice.
[[0;32m  OK  [0m] Started Getty on tty1.
[[0;32m  OK  [0m] Reached target Login Prompts.
[[0;32m  OK  [0m] Started LSB: automatic crash report generation.
         Starting Authorization Manager...
[[0;32m  OK  [0m] Started LXD - container startup/shutdown.
[[0;32m  OK  [0m] Started LSB: Record successful boot for GRUB.
[[0;32m  OK  [0m] Started Authorization Manager.
[[0;32m  OK  [0m] Started Accounts Service.
[[0;32m  OK  [0m] Started Virtualbox guest utils.
[[0;32m  OK  [0m] Started Dispatcher daemon for systemd-networkd.
[[0;32m  OK  [0m] Started Snap Daemon.
         Starting Wait until snapd is fully seeded...
         Starting Time & Date Service...
[[0;32m  OK  [0m] Started Time & Date Service.
[[0;32m  OK  [0m] Started Pollinate to seed the pseudo random number generator.
         Starting OpenBSD Secure Shell server...
[[0;32m  OK  [0m] Started OpenBSD Secure Shell server.
[[0;32m  OK  [0m] Started Wait until snapd is fully seeded.
         Starting Apply the settings specified in cloud-config...
[[0;32m  OK  [0m] Created slice User Slice of vagrant.
         Starting User Manager for UID 1000...
[[0;32m  OK  [0m] Started Session 1 of user vagrant.
[[0;32m  OK  [0m] Started User Manager for UID 1000.
[   12.704103] cloud-init[1328]: Cloud-init v. 22.3.4-0ubuntu1~18.04.1 running 'modules:config' at Thu, 15 Dec 2022 15:26:32 +0000. Up 12.27 seconds.
[[0;32m  OK  [0m] Started Apply the settings specified in cloud-config.
[[0;32m  OK  [0m] Reached target Multi-User System.
[[0;32m  OK  [0m] Reached target Graphical Interface.
         Starting Update UTMP about System Runlevel Changes...
         Starting Execute cloud user/final scripts...
[[0;32m  OK  [0m] Started Update UTMP about System Runlevel Changes.
ci-info: no authorized SSH keys fingerprints found for user ubuntu.
<14>Dec 15 15:26:33 cloud-init: #############################################################
<14>Dec 15 15:26:33 cloud-init: -----BEGIN SSH HOST KEY FINGERPRINTS-----
<14>Dec 15 15:26:33 cloud-init: 1024 SHA256:ecTlcMK0IEbUU77zVOiKAQjZllFM7k1lDdT41FOg4Vc root@ubuntu-bionic (DSA)
<14>Dec 15 15:26:33 cloud-init: 256 SHA256:iVgNZm77JOOwQAyxdLiboZ1XbqeK+xwb0Kp8xWm857E root@ubuntu-bionic (ECDSA)
<14>Dec 15 15:26:33 cloud-init: 256 SHA256:I3PMYa7y9QaThSrXmeTL4gVpyOMtfkXfo3Z7H3AXNdc root@ubuntu-bionic (ED25519)
<14>Dec 15 15:26:33 cloud-init: 2048 SHA256:mX02x6NHYrb8nR2sQ38TYVDtO5Xx8kSH+gNGwcMxgGo root@ubuntu-bionic (RSA)
<14>Dec 15 15:26:33 cloud-init: -----END SSH HOST KEY FINGERPRINTS-----
<14>Dec 15 15:26:33 cloud-init: #############################################################
-----BEGIN SSH HOST KEY KEYS-----
ecdsa-sha2-nistp256 AAAAE2VjZHNhLXNoYTItbmlzdHAyNTYAAAAIbmlzdHAyNTYAAABBBKjcoGC7CaJC9mBkQViOk79iAy4THBzBdwaYOj0cZYiyWJLWcRbeQxmAvH+ahLIzEoHRUP/YNpVZRXGl2PzUFag= root@ubuntu-bionic
ssh-ed25519 AAAAC3NzaC1lZDI1NTE5AAAAIO1vOn0y9Vatqqt9gIQFP4dlvg9Ki9PHu8xExn8WOSnE root@ubuntu-bionic
ssh-rsa AAAAB3NzaC1yc2EAAAADAQABAAABAQC6ucGMrUoFu8PY8MhvYftptQ54RMtbzDVyXQJBHnaiLyTWR2JZartnQi/LJ1mTOnBe92SM8X+UHSUs5kqr/MfGxLcr6iWliGP2LfSegYDwFr1u4yjurWI8Rtd4Gd8NeeGMhfg3Q+AWpPISj1cRg5LuuKSKFUt8X2YTWkU1iCSFhxbne7Z4LgmCtTswSLS8/GaBwHJ0zYmTlQoFuL0mkLMeehLpa2J3U+Dy4jv/ZXQAOvBdizYez3v97Q3Jy1Iy1FxgJHONKOtwXVVqVcg1BCphVxwCjNrUdIeWqbNlNvKkosfbjQZpUCMoo4KxH08RgCjNGhOr26xhC/ceNj0H1uL/ root@ubuntu-bionic
-----END SSH HOST KEY KEYS-----
[   13.734283] cloud-init[1445]: Cloud-init v. 22.3.4-0ubuntu1~18.04.1 running 'modules:final' at Thu, 15 Dec 2022 15:26:33 +0000. Up 13.44 seconds.
[   13.735552] cloud-init[1445]: Cloud-init v. 22.3.4-0ubuntu1~18.04.1 finished at Thu, 15 Dec 2022 15:26:33 +0000. Datasource DataSourceNoCloud [seed=/dev/sdb][dsmode=net].  Up 13.72 seconds
[[0;32m  OK  [0m] Started Execute cloud user/final scripts.
[[0;32m  OK  [0m] Reached target Cloud-init target.

Ubuntu 18.04.6 LTS ubuntu-bionic ttyS0

ubuntu-bionic login: 